<?xml version="1.0" encoding="utf-8"?><testsuites name="pytest tests"><testsuite name="pytest" errors="0" failures="0" skipped="0" tests="6" time="0.906" timestamp="2026-09-24T22:52:14.339906+00:00" hostname="agent-env-4b7177e5-e46d-4f87-aa6a-f8bd41e523eb"><testcase classname="tests.test_iter32_onboarding_categories_media" name="test_categories_returns_12_with_glossy_v4_paths" time="0.191" /><testcase classname="tests.test_iter32_onboarding_categories_media" name="test_media_animali_webp" time="0.070" /><testcase classname="tests.test_iter32_onboarding_categories_media" name="test_media_all_webp" time="0.069" /><testcase classname="tests.test_iter32_onboarding_categories_media" name="test_media_animali_cutout_v2" time="0.093" /><testcase classname="tests.test_iter32_onboarding_categories_media" name="test_media_animali_cutout_tight" time="0.079" /><testcase classname="tests.test_iter32_onboarding_categories_media" name="test_media_unknown_404" time="0.075" /></testsuite></testsuites>